[orch] batch/20260412T184523: starting batch planning
[orch] batch/20260412T184523: created orch branch (orchBranch=orch/yanek-20260412T184523 baseBranch=main)
[orch] state/20260412T184523: persisted: batch-start (phase=executing waveIndex=-1)
[orch] batch/20260412T184523: Runtime V2 backend selected
[orch] state/20260412T184523: persisted: wave-index-change (phase=executing waveIndex=0)
[orch] wave/W1: starting wave execution (tasks=1 policy=skip-dependents batchId=20260412T184523)
[orch] state/20260412T184523: persisted: segment-start (phase=executing waveIndex=0)
[orch] wave/W1: lanes allocated (laneCount=1 totalTasks=1)
[orch] wave/W1: using Runtime V2 backend (executeLaneV2)
[orch] lane-1/LANE: starting Runtime V2 execution of 1 task(s) (worktree=/home/yanek/Projects/pi-kagi/.worktrees/yanek-20260412T184523/lane-1 agentPrefix=orch-yanek)
[orch] monitor/ALL: starting monitoring for 1 lane(s), 1 task(s) (pollIntervalMs=5000 stallTimeoutMin=60)
[orch] lane-1/TP-002: Runtime V2 execution error: Cannot find Pi CLI entrypoint (@mariozechner/pi-coding-agent/dist/cli.js). Ensure the pi coding agent is installed globally via 'npm install -g @mariozechner/pi-coding-agent'. npm root -g returned: /home/yanek/.npm/lib/node_modules
(node:2000659) [DEP0190] DeprecationWarning: Passing args to a child process with shell option true can lead to security vulnerabilities, as the arguments are not escaped, only concatenated.
(Use `node --trace-deprecation ...` to show where the warning was created)
[orch] state/20260412T184523: persisted: task-transition (phase=executing waveIndex=0)
[orch] monitor/ALL: poll #1: 0/1 done, 0 failed, 1 active lane(s)
[orch] monitor/ALL: pause signal detected — stopping monitoring
[orch] wave/W1: skip-dependents: 7 task(s) blocked for future waves (blocked=TP-003,TP-004,TP-005,TP-006,TP-007,TP-008,TP-009)
[orch] wave/W1: wave execution complete: failed (succeeded=0 failed=1 skipped=0 blocked=7 elapsed=271s stoppedEarly=false)
[orch] batch/20260412T184523: tier0: task TP-002 has no exit diagnostic classification — skipping auto-retry (conservative)
[orch] state/20260412T184523: persisted: wave-execution-complete (phase=executing waveIndex=0)
[orch] batch/20260412T184523: batch paused before wave 2
[orch] state/20260412T184523: persisted: pause-before-wave (phase=paused waveIndex=0)
[orch] batch/history: saved batch summary (1 entries)
[orch] batch/20260412T184523: cleaning up worktrees
[orch] batch/20260412T184523: worktree cleanup: 1 removed, 0 preserved (repoId=(default))
[orch] state/20260412T184523: persisted: batch-terminal (phase=paused waveIndex=0)
[orch] diagnostics/20260412T184523: emitted diagnostic reports (jsonl=/home/yanek/Projects/pi-kagi/.pi/diagnostics/yanek-20260412T184523-events.jsonl report=/home/yanek/Projects/pi-kagi/.pi/diagnostics/yanek-20260412T184523-report.md taskCount=8)
[orch] batch/20260412T184523: batch ended in non-terminal execution state; completion banner suppressed (phase=paused)
[orch] resume/20260412T184523: segment frontier reconstructed (tasks=8 completedSegments=0 inFlightSegments=0 pendingSegments=7)
[orch] resume/: runtime backend for resumed execution: v2
[orch] resume/20260412T184523: skip-dependents: 7 task(s) blocked from reconciled failures (blocked=TP-003,TP-004,TP-005,TP-006,TP-007,TP-008,TP-009 sources=TP-002)
[orch] state/20260412T184523: persisted: resume-reconciliation (phase=executing waveIndex=1)
[orch] state/20260412T184523: persisted: wave-index-change (phase=executing waveIndex=1)
[orch] resume/20260412T184523: wave 2: no tasks to execute (all completed/blocked)
[orch] state/20260412T184523: persisted: wave-index-change (phase=executing waveIndex=2)
[orch] resume/20260412T184523: wave 3: no tasks to execute (all completed/blocked)
[orch] state/20260412T184523: persisted: wave-index-change (phase=executing waveIndex=3)
[orch] resume/20260412T184523: wave 4: no tasks to execute (all completed/blocked)
[orch] state/20260412T184523: persisted: wave-index-change (phase=executing waveIndex=4)
[orch] resume/20260412T184523: wave 5: no tasks to execute (all completed/blocked)
[orch] state/20260412T184523: persisted: wave-index-change (phase=executing waveIndex=5)
[orch] resume/20260412T184523: wave 6: no tasks to execute (all completed/blocked)
[orch] resume/20260412T184523: pre-cleanup: failedTasks > 0 detected, preserving worktrees for resume
[orch] state/20260412T184523: persisted: batch-terminal (phase=paused waveIndex=5)
[orch] diagnostics/20260412T184523: emitted diagnostic reports (jsonl=/home/yanek/Projects/pi-kagi/.pi/diagnostics/yanek-20260412T184523-events.jsonl report=/home/yanek/Projects/pi-kagi/.pi/diagnostics/yanek-20260412T184523-report.md taskCount=8)
[orch] resume/20260412T184523: resumed batch ended in non-terminal state (phase=paused)
[orch] resume/20260412T184523: segment frontier reconstructed (tasks=8 completedSegments=0 inFlightSegments=0 pendingSegments=8)
[orch] resume/: runtime backend for resumed execution: v2
[orch] state/20260412T184523: persisted: resume-reconciliation (phase=executing waveIndex=0)
[orch] state/20260412T184523: persisted: wave-index-change (phase=executing waveIndex=0)
[orch] wave/W1: starting wave execution (tasks=1 policy=skip-dependents batchId=20260412T184523)
[orch] wave/W1: lanes allocated (laneCount=1 totalTasks=1)
[orch] wave/W1: using Runtime V2 backend (executeLaneV2)
[orch] lane-1/LANE: starting Runtime V2 execution of 1 task(s) (worktree=/home/yanek/Projects/pi-kagi/.worktrees/yanek-20260412T184523/lane-1 agentPrefix=orch-yanek)
[orch] monitor/ALL: starting monitoring for 1 lane(s), 1 task(s) (pollIntervalMs=5000 stallTimeoutMin=60)
(node:2006695) [DEP0190] DeprecationWarning: Passing args to a child process with shell option true can lead to security vulnerabilities, as the arguments are not escaped, only concatenated.
(Use `node --trace-deprecation ...` to show where the warning was created)
[orch] state/20260412T184523: persisted: task-transition (phase=executing waveIndex=0)
[orch] monitor/ALL: poll #1: 0/1 done, 0 failed, 1 active lane(s)
[orch] lane-1/TP-002: committed task artifacts to lane branch (commit=[task/yanek-lane-1-20260412T184523 fcf67ee] checkpoint: TP-002 task artifacts (.DONE, STATUS.md))
[orch] state/20260412T184523: persisted: task-transition (phase=executing waveIndex=0)
[orch] monitor/ALL: poll #183: 1/1 done, 0 failed, 0 active lane(s)
[orch] monitor/ALL: all lanes terminal — monitoring complete (done=1 failed=0 total=1 polls=183)
[orch] wave/W1: wave execution complete: succeeded (succeeded=1 failed=0 skipped=0 blocked=0 elapsed=911s stoppedEarly=false)
[orch] state/20260412T184523: persisted: wave-execution-complete (phase=executing waveIndex=0)
[orch] state/20260412T184523: persisted: merge-start (phase=merging waveIndex=0)
[orch] merge/W1: merging across 1 repo group(s) (repos=(default) totalLanes=1)
[orch] merge/W1: merging 1 lane(s) (order=fewest-files-first lanes=1)
[orch] merge/W1: merge worktree created (worktree=/home/yanek/Projects/pi-kagi/.worktrees/yanek-20260412T184523/merge tempBranch=_merge-temp-yanek-20260412T184523)
[orch] merge/orch-yanek-merge-1: starting merge for lane 1 (sourceBranch=task/yanek-lane-1-20260412T184523 targetBranch=orch/yanek-20260412T184523 baseHEAD=915d7948 laneHEAD=fcf67ee8)
[orch] merge/orch-yanek-merge-1: spawning merge agent via Runtime V2 (direct agent-host) (mergeWorkDir=/home/yanek/Projects/pi-kagi/.worktrees/yanek-20260412T184523/merge mergeRequestPath=/home/yanek/Projects/pi-kagi/.pi/merge-request-w1-lane1-yanek-20260412T184523.txt)
[orch] merge/orch-yanek-merge-1: waiting for merge result (resultPath=/home/yanek/Projects/pi-kagi/.pi/merge-result-w1-lane1-yanek-20260412T184523.json timeoutMs=5400000 backend=v2)
[orch] merge/orch-yanek-merge-1: merge result received (status=SUCCESS elapsed=38085)
[orch] merge/orch-yanek-merge-1: merge succeeded (mergeCommit=bf778fbe duration=38s)
[orch] merge/W1: transaction record persisted (file=txn-b20260412T184523-repo-default-wave-1-lane-1.json status=committed)
[orch] merge/W1: no task artifacts to stage (0 of 5 candidates present/changed, 4 preserved from lane merge)
[orch] merge/W1: updated orch/yanek-20260412T184523 ref to merge result (targetBranch=orch/yanek-20260412T184523 commit=bf778fbe)
[orch] merge/orch-yanek-merge-1: merge agent exited (V2) (exitCode=null durationMs=38098 costUsd=0.019932679999999998 killed=true)
[orch] merge/W1: wave merge complete: succeeded (mergedLanes=1 failedLane=0 duration=39s)
[orch] state/20260412T184523: persisted: merge-complete (phase=executing waveIndex=0)
[orch] state/20260412T184523: persisted: wave-index-change (phase=executing waveIndex=1)
[orch] wave/W2: starting wave execution (tasks=1 policy=skip-dependents batchId=20260412T184523)
[orch] wave/W2: lanes allocated (laneCount=1 totalTasks=1)
[orch] wave/W2: using Runtime V2 backend (executeLaneV2)
[orch] lane-1/LANE: starting Runtime V2 execution of 1 task(s) (worktree=/home/yanek/Projects/pi-kagi/.worktrees/yanek-20260412T184523/lane-1 agentPrefix=orch-yanek)
[orch] monitor/ALL: starting monitoring for 1 lane(s), 1 task(s) (pollIntervalMs=5000 stallTimeoutMin=60)
[orch] state/20260412T184523: persisted: task-transition (phase=executing waveIndex=1)
[orch] monitor/ALL: poll #1: 0/1 done, 0 failed, 1 active lane(s)
[orch] lane-1/TP-003: committed task artifacts to lane branch (commit=[task/yanek-lane-1-20260412T184523 567294a] checkpoint: TP-003 task artifacts (.DONE, STATUS.md))
[orch] state/20260412T184523: persisted: task-transition (phase=executing waveIndex=1)
[orch] monitor/ALL: poll #343: 1/1 done, 0 failed, 0 active lane(s)
[orch] monitor/ALL: all lanes terminal — monitoring complete (done=1 failed=0 total=1 polls=343)
[orch] wave/W2: wave execution complete: succeeded (succeeded=1 failed=0 skipped=0 blocked=0 elapsed=1711s stoppedEarly=false)
[orch] state/20260412T184523: persisted: wave-execution-complete (phase=executing waveIndex=1)
[orch] state/20260412T184523: persisted: merge-start (phase=merging waveIndex=1)
[orch] merge/W2: merging across 1 repo group(s) (repos=(default) totalLanes=1)
[orch] merge/W2: merging 1 lane(s) (order=fewest-files-first lanes=1)
[orch] merge/W2: merge worktree created (worktree=/home/yanek/Projects/pi-kagi/.worktrees/yanek-20260412T184523/merge tempBranch=_merge-temp-yanek-20260412T184523)
[orch] merge/orch-yanek-merge-1: starting merge for lane 1 (sourceBranch=task/yanek-lane-1-20260412T184523 targetBranch=orch/yanek-20260412T184523 baseHEAD=bf778fbe laneHEAD=567294a3)
[orch] merge/orch-yanek-merge-1: spawning merge agent via Runtime V2 (direct agent-host) (mergeWorkDir=/home/yanek/Projects/pi-kagi/.worktrees/yanek-20260412T184523/merge mergeRequestPath=/home/yanek/Projects/pi-kagi/.pi/merge-request-w2-lane1-yanek-20260412T184523.txt)
[orch] merge/orch-yanek-merge-1: waiting for merge result (resultPath=/home/yanek/Projects/pi-kagi/.pi/merge-result-w2-lane1-yanek-20260412T184523.json timeoutMs=5400000 backend=v2)
[orch] merge/orch-yanek-merge-1: merge result received (status=SUCCESS elapsed=34062)
[orch] merge/orch-yanek-merge-1: merge succeeded (mergeCommit=76b42214 duration=34s)
[orch] merge/W2: transaction record persisted (file=txn-b20260412T184523-repo-default-wave-2-lane-1.json status=committed)
[orch] merge/W2: no task artifacts to stage (0 of 5 candidates present/changed, 4 preserved from lane merge)
[orch] merge/W2: updated orch/yanek-20260412T184523 ref to merge result (targetBranch=orch/yanek-20260412T184523 commit=76b42214)
[orch] merge/orch-yanek-merge-1: merge agent exited (V2) (exitCode=null durationMs=34081 costUsd=0.01599588 killed=true)
[orch] merge/W2: wave merge complete: succeeded (mergedLanes=1 failedLane=0 duration=35s)
[orch] state/20260412T184523: persisted: merge-complete (phase=executing waveIndex=1)
[orch] state/20260412T184523: persisted: wave-index-change (phase=executing waveIndex=2)
[orch] wave/W3: starting wave execution (tasks=1 policy=skip-dependents batchId=20260412T184523)
[orch] wave/W3: lanes allocated (laneCount=1 totalTasks=1)
[orch] wave/W3: using Runtime V2 backend (executeLaneV2)
[orch] lane-1/LANE: starting Runtime V2 execution of 1 task(s) (worktree=/home/yanek/Projects/pi-kagi/.worktrees/yanek-20260412T184523/lane-1 agentPrefix=orch-yanek)
[orch] monitor/ALL: starting monitoring for 1 lane(s), 1 task(s) (pollIntervalMs=5000 stallTimeoutMin=60)
[orch] state/20260412T184523: persisted: task-transition (phase=executing waveIndex=2)
[orch] monitor/ALL: poll #1: 0/1 done, 0 failed, 1 active lane(s)
[orch] lane-1/TP-004: committed task artifacts to lane branch (commit=[task/yanek-lane-1-20260412T184523 015ddba] checkpoint: TP-004 task artifacts (.DONE, STATUS.md))
[orch] state/20260412T184523: persisted: task-transition (phase=executing waveIndex=2)
[orch] monitor/ALL: poll #895: 1/1 done, 0 failed, 0 active lane(s)
[orch] monitor/ALL: all lanes terminal — monitoring complete (done=1 failed=0 total=1 polls=895)
[orch] wave/W3: wave execution complete: succeeded (succeeded=1 failed=0 skipped=0 blocked=0 elapsed=4472s stoppedEarly=false)
[orch] state/20260412T184523: persisted: wave-execution-complete (phase=executing waveIndex=2)
[orch] state/20260412T184523: persisted: merge-start (phase=merging waveIndex=2)
[orch] merge/W3: merging across 1 repo group(s) (repos=(default) totalLanes=1)
[orch] merge/W3: merging 1 lane(s) (order=fewest-files-first lanes=1)
[orch] merge/W3: merge worktree created (worktree=/home/yanek/Projects/pi-kagi/.worktrees/yanek-20260412T184523/merge tempBranch=_merge-temp-yanek-20260412T184523)
[orch] merge/orch-yanek-merge-1: starting merge for lane 1 (sourceBranch=task/yanek-lane-1-20260412T184523 targetBranch=orch/yanek-20260412T184523 baseHEAD=76b42214 laneHEAD=015ddba6)
[orch] merge/orch-yanek-merge-1: spawning merge agent via Runtime V2 (direct agent-host) (mergeWorkDir=/home/yanek/Projects/pi-kagi/.worktrees/yanek-20260412T184523/merge mergeRequestPath=/home/yanek/Projects/pi-kagi/.pi/merge-request-w3-lane1-yanek-20260412T184523.txt)
[orch] merge/orch-yanek-merge-1: waiting for merge result (resultPath=/home/yanek/Projects/pi-kagi/.pi/merge-result-w3-lane1-yanek-20260412T184523.json timeoutMs=5400000 backend=v2)
[orch] merge/orch-yanek-merge-1: merge result received (status=SUCCESS elapsed=24051)
[orch] merge/orch-yanek-merge-1: merge succeeded (mergeCommit=5ac01759 duration=24s)
[orch] merge/W3: transaction record persisted (file=txn-b20260412T184523-repo-default-wave-3-lane-1.json status=committed)
[orch] merge/W3: no task artifacts to stage (0 of 8 candidates present/changed, 7 preserved from lane merge)
[orch] merge/W3: updated orch/yanek-20260412T184523 ref to merge result (targetBranch=orch/yanek-20260412T184523 commit=5ac01759)
[orch] merge/orch-yanek-merge-1: merge agent exited (V2) (exitCode=null durationMs=24063 costUsd=0.0221388 killed=true)
[orch] merge/W3: wave merge complete: succeeded (mergedLanes=1 failedLane=0 duration=25s)
[orch] state/20260412T184523: persisted: merge-complete (phase=executing waveIndex=2)
[orch] state/20260412T184523: persisted: wave-index-change (phase=executing waveIndex=3)
[orch] wave/W4: starting wave execution (tasks=2 policy=skip-dependents batchId=20260412T184523)
[orch] wave/W4: lanes allocated (laneCount=1 totalTasks=2)
[orch] wave/W4: using Runtime V2 backend (executeLaneV2)
[orch] lane-1/LANE: starting Runtime V2 execution of 2 task(s) (worktree=/home/yanek/Projects/pi-kagi/.worktrees/yanek-20260412T184523/lane-1 agentPrefix=orch-yanek)
[orch] monitor/ALL: starting monitoring for 1 lane(s), 2 task(s) (pollIntervalMs=5000 stallTimeoutMin=60)
[orch] state/20260412T184523: persisted: task-transition (phase=executing waveIndex=3)
[orch] monitor/ALL: poll #1: 0/2 done, 0 failed, 1 active lane(s)
[orch] lane-1/TP-005: committed task artifacts to lane branch (commit=[task/yanek-lane-1-20260412T184523 562fc16] checkpoint: TP-005 task artifacts (.DONE, STATUS.md))
[orch] state/20260412T184523: persisted: task-transition (phase=executing waveIndex=3)
[orch] monitor/ALL: poll #913: 1/2 done, 0 failed, 1 active lane(s)
[orch] lane-1/TP-006: committed task artifacts to lane branch (commit=[task/yanek-lane-1-20260412T184523 b4fe34e] checkpoint: TP-006 task artifacts (.DONE, STATUS.md))
[orch] state/20260412T184523: persisted: task-transition (phase=executing waveIndex=3)
[orch] monitor/ALL: poll #2075: 2/2 done, 0 failed, 0 active lane(s)
[orch] monitor/ALL: all lanes terminal — monitoring complete (done=2 failed=0 total=2 polls=2075)
[orch] wave/W4: wave execution complete: succeeded (succeeded=2 failed=0 skipped=0 blocked=0 elapsed=10375s stoppedEarly=false)
[orch] state/20260412T184523: persisted: wave-execution-complete (phase=executing waveIndex=3)
[orch] state/20260412T184523: persisted: merge-start (phase=merging waveIndex=3)
[orch] merge/W4: merging across 1 repo group(s) (repos=(default) totalLanes=1)
[orch] merge/W4: merging 1 lane(s) (order=fewest-files-first lanes=1)
[orch] merge/W4: merge worktree created (worktree=/home/yanek/Projects/pi-kagi/.worktrees/yanek-20260412T184523/merge tempBranch=_merge-temp-yanek-20260412T184523)
[orch] merge/orch-yanek-merge-1: starting merge for lane 1 (sourceBranch=task/yanek-lane-1-20260412T184523 targetBranch=orch/yanek-20260412T184523 baseHEAD=5ac01759 laneHEAD=b4fe34e3)
[orch] merge/orch-yanek-merge-1: spawning merge agent via Runtime V2 (direct agent-host) (mergeWorkDir=/home/yanek/Projects/pi-kagi/.worktrees/yanek-20260412T184523/merge mergeRequestPath=/home/yanek/Projects/pi-kagi/.pi/merge-request-w4-lane1-yanek-20260412T184523.txt)
[orch] merge/orch-yanek-merge-1: waiting for merge result (resultPath=/home/yanek/Projects/pi-kagi/.pi/merge-result-w4-lane1-yanek-20260412T184523.json timeoutMs=5400000 backend=v2)
[orch] merge/orch-yanek-merge-1: merge result received (status=SUCCESS elapsed=72237)
[orch] merge/orch-yanek-merge-1: merge succeeded (mergeCommit= duration=72s)
[orch] merge/W4: transaction record persisted (file=txn-b20260412T184523-repo-default-wave-4-lane-1.json status=committed)
[orch] merge/W4: no task artifacts to stage (0 of 19 candidates present/changed, 17 preserved from lane merge)
[orch] merge/W4: updated orch/yanek-20260412T184523 ref to merge result (targetBranch=orch/yanek-20260412T184523 commit=b4fe34e3)
[orch] merge/orch-yanek-merge-1: merge agent exited (V2) (exitCode=null durationMs=72247 costUsd=0 killed=true)
[orch] merge/W4: wave merge complete: succeeded (mergedLanes=1 failedLane=0 duration=73s)
[orch] state/20260412T184523: persisted: merge-complete (phase=executing waveIndex=3)
[orch] state/20260412T184523: persisted: wave-index-change (phase=executing waveIndex=4)
[orch] wave/W5: starting wave execution (tasks=2 policy=skip-dependents batchId=20260412T184523)
[orch] wave/W5: lanes allocated (laneCount=1 totalTasks=2)
[orch] wave/W5: using Runtime V2 backend (executeLaneV2)
[orch] lane-1/LANE: starting Runtime V2 execution of 2 task(s) (worktree=/home/yanek/Projects/pi-kagi/.worktrees/yanek-20260412T184523/lane-1 agentPrefix=orch-yanek)
[orch] monitor/ALL: starting monitoring for 1 lane(s), 2 task(s) (pollIntervalMs=5000 stallTimeoutMin=60)
[orch] state/20260412T184523: persisted: task-transition (phase=executing waveIndex=4)
[orch] monitor/ALL: poll #1: 0/2 done, 0 failed, 1 active lane(s)
